{"C:\\Users\\ManoharBatra\\Manohar\\personal\\reactjs-vite-jest\\src\\components\\fetchUsers\\FetchUsers.tsx": {"path":"C:\\Users\\ManoharBatra\\Manohar\\personal\\reactjs-vite-jest\\src\\components\\fetchUsers\\FetchUsers.tsx","all":false,"statementMap":{"0":{"start":{"line":1,"column":0},"end":{"line":1,"column":33}},"1":{"start":{"line":2,"column":0},"end":{"line":2,"column":26}},"2":{"start":{"line":3,"column":0},"end":{"line":3,"column":0}},"3":{"start":{"line":4,"column":0},"end":{"line":4,"column":13}},"4":{"start":{"line":5,"column":0},"end":{"line":5,"column":13}},"5":{"start":{"line":6,"column":0},"end":{"line":6,"column":15}},"6":{"start":{"line":7,"column":0},"end":{"line":7,"column":1}},"7":{"start":{"line":8,"column":0},"end":{"line":8,"column":0}},"8":{"start":{"line":9,"column":0},"end":{"line":9,"column":23}},"9":{"start":{"line":10,"column":0},"end":{"line":10,"column":68}},"10":{"start":{"line":11,"column":0},"end":{"line":11,"column":25}},"11":{"start":{"line":12,"column":0},"end":{"line":12,"column":59}},"12":{"start":{"line":13,"column":0},"end":{"line":13,"column":27}},"13":{"start":{"line":14,"column":0},"end":{"line":14,"column":80}},"14":{"start":{"line":15,"column":0},"end":{"line":15,"column":18}},"15":{"start":{"line":16,"column":0},"end":{"line":16,"column":32}},"16":{"start":{"line":17,"column":0},"end":{"line":17,"column":35}},"17":{"start":{"line":18,"column":0},"end":{"line":18,"column":11}},"18":{"start":{"line":19,"column":0},"end":{"line":19,"column":10}},"19":{"start":{"line":20,"column":0},"end":{"line":20,"column":32}},"20":{"start":{"line":21,"column":0},"end":{"line":21,"column":8}},"21":{"start":{"line":22,"column":0},"end":{"line":22,"column":25}},"22":{"start":{"line":23,"column":0},"end":{"line":23,"column":27}},"23":{"start":{"line":24,"column":0},"end":{"line":24,"column":8}},"24":{"start":{"line":25,"column":0},"end":{"line":25,"column":3}},"25":{"start":{"line":26,"column":0},"end":{"line":26,"column":0}},"26":{"start":{"line":27,"column":0},"end":{"line":27,"column":10}},"27":{"start":{"line":28,"column":0},"end":{"line":28,"column":25}},"28":{"start":{"line":29,"column":0},"end":{"line":29,"column":37}},"29":{"start":{"line":30,"column":0},"end":{"line":30,"column":60}},"30":{"start":{"line":31,"column":0},"end":{"line":31,"column":12}},"31":{"start":{"line":32,"column":0},"end":{"line":32,"column":39}},"32":{"start":{"line":33,"column":0},"end":{"line":33,"column":55}},"33":{"start":{"line":34,"column":0},"end":{"line":34,"column":13}},"34":{"start":{"line":35,"column":0},"end":{"line":35,"column":13}},"35":{"start":{"line":36,"column":0},"end":{"line":36,"column":15}},"36":{"start":{"line":37,"column":0},"end":{"line":37,"column":10}},"37":{"start":{"line":38,"column":0},"end":{"line":38,"column":4}},"38":{"start":{"line":39,"column":0},"end":{"line":39,"column":1}},"39":{"start":{"line":40,"column":0},"end":{"line":40,"column":0}},"40":{"start":{"line":41,"column":0},"end":{"line":41,"column":26}}},"s":{"0":1,"1":1,"2":1,"3":1,"4":1,"5":1,"6":1,"7":1,"8":2,"9":2,"10":2,"11":1,"12":1,"13":1,"14":10,"15":10,"16":10,"17":10,"18":10,"19":1,"20":1,"21":1,"22":0,"23":0,"24":1,"25":2,"26":2,"27":2,"28":2,"29":2,"30":2,"31":2,"32":10,"33":10,"34":2,"35":2,"36":2,"37":2,"38":2,"39":1,"40":1},"branchMap":{"0":{"type":"branch","line":9,"loc":{"start":{"line":9,"column":0},"end":{"line":39,"column":1}},"locations":[{"start":{"line":9,"column":0},"end":{"line":39,"column":1}}]},"1":{"type":"branch","line":32,"loc":{"start":{"line":32,"column":11},"end":{"line":32,"column":22}},"locations":[{"start":{"line":32,"column":11},"end":{"line":32,"column":22}}]},"2":{"type":"branch","line":11,"loc":{"start":{"line":11,"column":18},"end":{"line":25,"column":3}},"locations":[{"start":{"line":11,"column":18},"end":{"line":25,"column":3}}]},"3":{"type":"branch","line":13,"loc":{"start":{"line":13,"column":12},"end":{"line":21,"column":8}},"locations":[{"start":{"line":13,"column":12},"end":{"line":21,"column":8}}]},"4":{"type":"branch","line":14,"loc":{"start":{"line":14,"column":56},"end":{"line":19,"column":10}},"locations":[{"start":{"line":14,"column":56},"end":{"line":19,"column":10}}]},"5":{"type":"branch","line":30,"loc":{"start":{"line":30,"column":25},"end":{"line":30,"column":42}},"locations":[{"start":{"line":30,"column":25},"end":{"line":30,"column":42}}]},"6":{"type":"branch","line":32,"loc":{"start":{"line":32,"column":22},"end":{"line":34,"column":13}},"locations":[{"start":{"line":32,"column":22},"end":{"line":34,"column":13}}]}},"b":{"0":[2],"1":[1],"2":[1],"3":[1],"4":[10],"5":[1],"6":[10]},"fnMap":{"0":{"name":"FetchUsers","decl":{"start":{"line":9,"column":0},"end":{"line":39,"column":1}},"loc":{"start":{"line":9,"column":0},"end":{"line":39,"column":1}},"line":9},"1":{"name":"getData","decl":{"start":{"line":11,"column":18},"end":{"line":25,"column":3}},"loc":{"start":{"line":11,"column":18},"end":{"line":25,"column":3}},"line":11},"2":{"name":"onClick","decl":{"start":{"line":30,"column":25},"end":{"line":30,"column":42}},"loc":{"start":{"line":30,"column":25},"end":{"line":30,"column":42}},"line":30}},"f":{"0":2,"1":1,"2":1}}
}
